<?xml version="1.0" encoding="UTF-8"?>
<testsuite xmlns:xsi="http://www.w3.org/2001/XMLSchema-instance" xsi:noNamespaceSchemaLocation="https://maven.apache.org/surefire/maven-surefire-plugin/xsd/surefire-test-report.xsd" name="TestSuite" time="3.263" tests="8" errors="0" skipped="0" failures="3">
  <properties>
[...]
</properties>
  <testcase name="getValidAlbumTest" classname="com.api.demo.tests.Albums" time="0.898"/>
  <testcase name="unableToGetInvalidAlbumTest" classname="com.api.demo.tests.Albums" time="0.163"/>
  <testcase name="invalidEmailTest" classname="com.api.demo.tests.Comments" time="0.364"/>
  <testcase name="validEmailTest" classname="com.api.demo.tests.Comments" time="0.132"/>
  <testcase name="createNewPost" classname="com.api.demo.tests.Posts" time="0.328">
    <failure message="1 expectation failed.&#10;Expected status code &lt;201&gt; but was &lt;500&gt;.&#10;" type="java.lang.AssertionError"><![CDATA[java.lang.AssertionError: 
1 expectation failed.
Expected status code <201> but was <500>.

	at com.api.demo.tests.Posts.createNewPost(Posts.java:23)
]]></failure>
  </testcase>
  <testcase name="updateAnExistingPost" classname="com.api.demo.tests.Posts" time="0.307">
    <failure message="1 expectation failed.&#10;Expected status code &lt;201&gt; but was &lt;500&gt;.&#10;" type="java.lang.AssertionError"><![CDATA[java.lang.AssertionError: 
1 expectation failed.
Expected status code <201> but was <500>.

	at com.api.demo.tests.Posts.updateAnExistingPost(Posts.java:42)
]]></failure>
  </testcase>
  <testcase name="deleteAnExistingPost" classname="com.api.demo.tests.Posts" time="0.303"/>
  <testcase name="unableToViewDeletedPost" classname="com.api.demo.tests.Posts" time="0.119">
    <failure message="1 expectation failed.&#10;Expected status code &lt;404&gt; but was &lt;200&gt;.&#10;" type="java.lang.AssertionError"><![CDATA[java.lang.AssertionError: 
1 expectation failed.
Expected status code <404> but was <200>.

	at com.api.demo.tests.Posts.unableToViewDeletedPost(Posts.java:60)
]]></failure>
  </testcase>
</testsuite>